<?xml version="1.0" encoding="UTF-8" ?>
<testsuite failures="0" time="2.574" errors="0" skipped="0" tests="2" name="org.qooxdoo.qooxdoo_java_tool.GeneratorTest">
  <properties>
    <property name="java.runtime.name" value="OpenJDK Runtime Environment"/>
    <property name="sun.boot.library.path" value="/usr/lib/jvm/java-6-openjdk/jre/lib/i386"/>
    <property name="java.vm.version" value="20.0-b11"/>
    <property name="java.vm.vendor" value="Sun Microsystems Inc."/>
    <property name="java.vendor.url" value="http://java.sun.com/"/>
    <property name="path.separator" value=":"/>
    <property name="java.vm.name" value="OpenJDK Server VM"/>
    <property name="file.encoding.pkg" value="sun.io"/>
    <property name="user.country" value="US"/>
    <property name="sun.java.launcher" value="SUN_STANDARD"/>
    <property name="sun.os.patch.level" value="unknown"/>
    <property name="java.vm.specification.name" value="Java Virtual Machine Specification"/>
    <property name="user.dir" value="/home/charless/workspace/qooxdoo-java-tool"/>
    <property name="java.runtime.version" value="1.6.0_22-b22"/>
    <property name="java.awt.graphicsenv" value="sun.awt.X11GraphicsEnvironment"/>
    <property name="basedir" value="/home/charless/workspace/qooxdoo-java-tool"/>
    <property name="java.endorsed.dirs" value="/usr/lib/jvm/java-6-openjdk/jre/lib/endorsed"/>
    <property name="os.arch" value="i386"/>
    <property name="surefire.real.class.path" value="/home/charless/workspace/qooxdoo-java-tool/target/surefire/surefirebooter5700678886205615435.jar"/>
    <property name="java.io.tmpdir" value="/tmp"/>
    <property name="line.separator" value="
"/>
    <property name="java.vm.specification.vendor" value="Sun Microsystems Inc."/>
    <property name="os.name" value="Linux"/>
    <property name="sun.jnu.encoding" value="UTF-8"/>
    <property name="java.library.path" value="/usr/lib/jvm/java-6-openjdk/jre/lib/i386/server:/usr/lib/jvm/java-6-openjdk/jre/lib/i386:/usr/lib/jvm/java-6-openjdk/jre/../lib/i386:/opt/jdk1.6.0_24/jre/lib/i386/server:/opt/jdk1.6.0_24/jre/lib/i386:/opt/jdk1.6.0_24/jre/../lib/i386:/usr/java/packages/lib/i386:/usr/lib/i386-linux-gnu/jni:/lib/i386-linux-gnu:/usr/lib/i386-linux-gnu:/usr/lib/jni:/lib:/usr/lib"/>
    <property name="surefire.test.class.path" value="/home/charless/workspace/qooxdoo-java-tool/target/test-classes:/home/charless/workspace/qooxdoo-java-tool/target/classes:/home/charless/.m2/repository/junit/junit/3.8.1/junit-3.8.1.jar:/home/charless/.m2/repository/org/python/jython-standalone/2.5.2/jython-standalone-2.5.2.jar:"/>
    <property name="java.specification.name" value="Java Platform API Specification"/>
    <property name="java.class.version" value="50.0"/>
    <property name="sun.management.compiler" value="HotSpot Tiered Compilers"/>
    <property name="os.version" value="2.6.38-8-generic"/>
    <property name="user.home" value="/home/charless"/>
    <property name="user.timezone" value="Europe/Paris"/>
    <property name="java.awt.printerjob" value="sun.print.PSPrinterJob"/>
    <property name="file.encoding" value="UTF-8"/>
    <property name="java.specification.version" value="1.6"/>
    <property name="user.name" value="charless"/>
    <property name="java.class.path" value="/home/charless/workspace/qooxdoo-java-tool/target/test-classes:/home/charless/workspace/qooxdoo-java-tool/target/classes:/home/charless/.m2/repository/junit/junit/3.8.1/junit-3.8.1.jar:/home/charless/.m2/repository/org/python/jython-standalone/2.5.2/jython-standalone-2.5.2.jar:"/>
    <property name="python.console.encoding" value="UTF-8"/>
    <property name="java.vm.specification.version" value="1.0"/>
    <property name="sun.arch.data.model" value="32"/>
    <property name="java.home" value="/usr/lib/jvm/java-6-openjdk/jre"/>
    <property name="sun.java.command" value="/home/charless/workspace/qooxdoo-java-tool/target/surefire/surefirebooter5700678886205615435.jar /home/charless/workspace/qooxdoo-java-tool/target/surefire/surefire6855014954881525242tmp /home/charless/workspace/qooxdoo-java-tool/target/surefire/surefire1788972495312097205tmp"/>
    <property name="java.specification.vendor" value="Sun Microsystems Inc."/>
    <property name="user.language" value="en"/>
    <property name="java.vm.info" value="mixed mode"/>
    <property name="java.version" value="1.6.0_22"/>
    <property name="java.ext.dirs" value="/usr/lib/jvm/java-6-openjdk/jre/lib/ext:/usr/java/packages/lib/ext"/>
    <property name="sun.boot.class.path" value="/usr/lib/jvm/java-6-openjdk/jre/lib/resources.jar:/usr/lib/jvm/java-6-openjdk/jre/lib/rt.jar:/usr/lib/jvm/java-6-openjdk/jre/lib/sunrsasign.jar:/usr/lib/jvm/java-6-openjdk/jre/lib/jsse.jar:/usr/lib/jvm/java-6-openjdk/jre/lib/jce.jar:/usr/lib/jvm/java-6-openjdk/jre/lib/charsets.jar:/usr/lib/jvm/java-6-openjdk/jre/lib/netx.jar:/usr/lib/jvm/java-6-openjdk/jre/lib/plugin.jar:/usr/lib/jvm/java-6-openjdk/jre/lib/rhino.jar:/usr/lib/jvm/java-6-openjdk/jre/lib/modules/jdk.boot.jar:/usr/lib/jvm/java-6-openjdk/jre/classes"/>
    <property name="java.vendor" value="Sun Microsystems Inc."/>
    <property name="localRepository" value="/home/charless/.m2/repository"/>
    <property name="file.separator" value="/"/>
    <property name="python.path" value="/home/charless/workspace/qooxdoo-java-tool/target/test-classes/qooxdoo-sdk/tool/pylib:/home/charless/workspace/qooxdoo-java-tool/target/test-classes/qooxdoo-sdk/tool/bin"/>
    <property name="python.cachedir.skip" value="true"/>
    <property name="java.vendor.url.bug" value="http://java.sun.com/cgi-bin/bugreport.cgi"/>
    <property name="sun.cpu.endian" value="little"/>
    <property name="sun.io.unicode.encoding" value="UnicodeLittle"/>
    <property name="sun.desktop" value="gnome"/>
    <property name="sun.cpu.isalist" value=""/>
  </properties>
  <testcase time="2.563" classname="org.qooxdoo.qooxdoo_java_tool.GeneratorTest" name="testRun"/>
  <testcase time="0" classname="org.qooxdoo.qooxdoo_java_tool.GeneratorTest" name="testHelp"/>
</testsuite>